This is pdfTeX, Version 3.14159265-2.6-1.40.18 (TeX Live 2017/Debian) (preloaded format=pdflatex 2020.7.19)  20 MAR 2021 13:14
entering extended mode
 restricted \write18 enabled.
 %&-line parsing enabled.
**plasma_drift_velocities.tex
(./plasma_drift_velocities.tex
LaTeX2e <2017-04-15>
Babel <3.18> and hyphenation patterns for 7 language(s) loaded.
(./iopart.cls
Document Class: iopart 1996/06/10 v0.0 IOP Journals LaTeX article class
(./iopart12.clo
File: iopart12.clo 1997/01/15 v1.0 LaTeX2e file (size option)
)
\c@jnl=\count79
\c@section=\count80
\c@subsection=\count81
\c@subsubsection=\count82
\c@paragraph=\count83
\c@subparagraph=\count84
\c@figure=\count85
\c@table=\count86
\abovecaptionskip=\skip41
\belowcaptionskip=\skip42
\indentedwidth=\skip43
\mathindent=\dimen102
\c@eqnval=\count87
) (./easytable.sty
Document Style `easytable' v1.0 <2001/06/13>.
(./easy.sty
Document Style `easy' v1.1 <2001/05/31>.
Package: easy 2001/05/31 v1.1
\@easy@level=\count88
\@easy@ncol=\count89
\@easy@nrow=\count90
\@easy@cnt=\count91
\@easy@boxviii=\box26
\@easy@minxviii=\dimen103
\@easy@minyviii=\dimen104
\@easy@maxxviii=\dimen105
\@easy@maxyviii=\dimen106
\@easy@boxvii=\box27
\@easy@minxvii=\dimen107
\@easy@minyvii=\dimen108
\@easy@maxxvii=\dimen109
\@easy@maxyvii=\dimen110
\@easy@boxvi=\box28
\@easy@minxvi=\dimen111
\@easy@minyvi=\dimen112
\@easy@maxxvi=\dimen113
\@easy@maxyvi=\dimen114
\@easy@boxv=\box29
\@easy@minxv=\dimen115
\@easy@minyv=\dimen116
\@easy@maxxv=\dimen117
\@easy@maxyv=\dimen118
\@easy@boxiv=\box30
\@easy@minxiv=\dimen119
\@easy@minyiv=\dimen120
\@easy@maxxiv=\dimen121
\@easy@maxyiv=\dimen122
\@easy@boxiii=\box31
\@easy@minxiii=\dimen123
\@easy@minyiii=\dimen124
\@easy@maxxiii=\dimen125
\@easy@maxyiii=\dimen126
\@easy@boxii=\box32
\@easy@minxii=\dimen127
\@easy@minyii=\dimen128
\@easy@maxxii=\dimen129
\@easy@maxyii=\dimen130
\@easy@boxi=\box33
\@easy@minxi=\dimen131
\@easy@minyi=\dimen132
\@easy@maxxi=\dimen133
\@easy@maxyi=\dimen134
\@easy@hsizexxx=\dimen135
\@easy@vsizexxx=\dimen136
\@easy@hsizexxix=\dimen137
\@easy@vsizexxix=\dimen138
\@easy@hsizexxviii=\dimen139
\@easy@vsizexxviii=\dimen140
\@easy@hsizexxvii=\dimen141
\@easy@vsizexxvii=\dimen142
\@easy@hsizexxvi=\dimen143
\@easy@vsizexxvi=\dimen144
\@easy@hsizexxv=\dimen145
\@easy@vsizexxv=\dimen146
\@easy@hsizexxiv=\dimen147
\@easy@vsizexxiv=\dimen148
\@easy@hsizexxiii=\dimen149
\@easy@vsizexxiii=\dimen150
\@easy@hsizexxii=\dimen151
\@easy@vsizexxii=\dimen152
\@easy@hsizexxi=\dimen153
\@easy@vsizexxi=\dimen154
\@easy@hsizexx=\dimen155
\@easy@vsizexx=\dimen156
\@easy@hsizexix=\dimen157
\@easy@vsizexix=\dimen158
\@easy@hsizexviii=\dimen159
\@easy@vsizexviii=\dimen160
\@easy@hsizexvii=\dimen161
\@easy@vsizexvii=\dimen162
\@easy@hsizexvi=\dimen163
\@easy@vsizexvi=\dimen164
\@easy@hsizexv=\dimen165
\@easy@vsizexv=\dimen166
\@easy@hsizexiv=\dimen167
\@easy@vsizexiv=\dimen168
\@easy@hsizexiii=\dimen169
\@easy@vsizexiii=\dimen170
\@easy@hsizexii=\dimen171
\@easy@vsizexii=\dimen172
\@easy@hsizexi=\dimen173
\@easy@vsizexi=\dimen174
\@easy@hsizex=\dimen175
\@easy@vsizex=\dimen176
\@easy@hsizeix=\dimen177
\@easy@vsizeix=\dimen178
\@easy@hsizeviii=\dimen179
\@easy@vsizeviii=\dimen180
\@easy@hsizevii=\dimen181
\@easy@vsizevii=\dimen182
\@easy@hsizevi=\dimen183
\@easy@vsizevi=\dimen184
\@easy@hsizev=\dimen185
\@easy@vsizev=\dimen186
\@easy@hsizeiv=\dimen187
\@easy@vsizeiv=\dimen188
\@easy@hsizeiii=\dimen189
\@easy@vsizeiii=\dimen190
\@easy@hsizeii=\dimen191
\@easy@vsizeii=\dimen192
\@easy@hsizei=\dimen193
\@easy@vsizei=\dimen194
\@easy@dash@len=\dimen195
\@easy@dash@sep=\dimen196
)
Package: easytable 2001/05/31v1.1
\@tab@size@rule=\dimen197
\@tab@size@dash=\dimen198
) (./plasma_drift_velocities.aux)
\openout1 = `plasma_drift_velocities.aux'.

LaTeX Font Info:    Checking defaults for OML/cmm/m/it on input line 47.
LaTeX Font Info:    ... okay on input line 47.
LaTeX Font Info:    Checking defaults for T1/cmr/m/n on input line 47.
LaTeX Font Info:    ... okay on input line 47.
LaTeX Font Info:    Checking defaults for OT1/cmr/m/n on input line 47.
LaTeX Font Info:    ... okay on input line 47.
LaTeX Font Info:    Checking defaults for OMS/cmsy/m/n on input line 47.
LaTeX Font Info:    ... okay on input line 47.
LaTeX Font Info:    Checking defaults for OMX/cmex/m/n on input line 47.
LaTeX Font Info:    ... okay on input line 47.
LaTeX Font Info:    Checking defaults for U/cmr/m/n on input line 47.
LaTeX Font Info:    ... okay on input line 47.
LaTeX Font Info:    External font `cmex10' loaded for size
(Font)              <12> on input line 80.
LaTeX Font Info:    External font `cmex10' loaded for size
(Font)              <8> on input line 80.
LaTeX Font Info:    External font `cmex10' loaded for size
(Font)              <6> on input line 80.
 [1

{/var/lib/texmf/fonts/map/pdftex/updmap/pdftex.map}]

LaTeX Warning: `h' float specifier changed to `ht'.

[2]
LaTeX Font Info:    External font `cmex10' loaded for size
(Font)              <7> on input line 202.
LaTeX Font Info:    External font `cmex10' loaded for size
(Font)              <5> on input line 202.
 [3] [4] (./plasma_drift_velocities.aux) ) 
Here is how much of TeX's memory you used:
 740 strings out of 494847
 6839 string characters out of 6179080
 68396 words of memory out of 5000000
 4127 multiletter control sequences out of 15000+600000
 9352 words of font info for 33 fonts, out of 8000000 for 9000
 59 hyphenation exceptions out of 8191
 22i,11n,24p,904b,330s stack positions out of 5000i,500n,10000p,200000b,80000s
</usr/share/texlive/texmf-dist/fonts/
type1/public/amsfonts/cm/cmbx10.pfb></usr/share/texlive/texmf-dist/fonts/type1/
public/amsfonts/cm/cmbx12.pfb></usr/share/texlive/texmf-dist/fonts/type1/public
/amsfonts/cm/cmbx8.pfb></usr/share/texlive/texmf-dist/fonts/type1/public/amsfon
ts/cm/cmex10.pfb></usr/share/texlive/texmf-dist/fonts/type1/public/amsfonts/cm/
cmmi10.pfb></usr/share/texlive/texmf-dist/fonts/type1/public/amsfonts/cm/cmmi12
.pfb></usr/share/texlive/texmf-dist/fonts/type1/public/amsfonts/cm/cmmi7.pfb></
usr/share/texlive/texmf-dist/fonts/type1/public/amsfonts/cm/cmmi8.pfb></usr/sha
re/texlive/texmf-dist/fonts/type1/public/amsfonts/cm/cmr10.pfb></usr/share/texl
ive/texmf-dist/fonts/type1/public/amsfonts/cm/cmr12.pfb></usr/share/texlive/tex
mf-dist/fonts/type1/public/amsfonts/cm/cmr6.pfb></usr/share/texlive/texmf-dist/
fonts/type1/public/amsfonts/cm/cmr8.pfb></usr/share/texlive/texmf-dist/fonts/ty
pe1/public/amsfonts/cm/cmsy10.pfb></usr/share/texlive/texmf-dist/fonts/type1/pu
blic/amsfonts/cm/cmsy6.pfb></usr/share/texlive/texmf-dist/fonts/type1/public/am
sfonts/cm/cmsy8.pfb></usr/share/texlive/texmf-dist/fonts/type1/public/amsfonts/
cm/cmti12.pfb></usr/share/texlive/texmf-dist/fonts/type1/public/amsfonts/cm/cmt
t10.pfb>
Output written on plasma_drift_velocities.pdf (4 pages, 183078 bytes).
PDF statistics:
 85 PDF objects out of 1000 (max. 8388607)
 61 compressed objects within 1 object stream
 0 named destinations out of 1000 (max. 500000)
 1 words of extra memory for PDF output out of 10000 (max. 10000000)

